<?xml version="1.0" encoding="UTF-8"?>
<!-- Generated by org.testng.reporters.JUnitReportReporter -->
<testsuite hostname="10-PRO-UEFI" failures="0" tests="1" name="BusyQA.FinalExamProject.FinalProject" time="22.141" errors="0" timestamp="2024-10-29T22:44:17 EDT" skipped="0">
  <testcase classname="BusyQA.FinalExamProject.FinalProject" name="Test1" time="22.141"/>
  <system-out/>
</testsuite> <!-- BusyQA.FinalExamProject.FinalProject -->
